2026/01/17 23:03:17 - mmengine - INFO - 
------------------------------------------------------------
System environment:
    sys.platform: win32
    Python: 3.11.0 (main, Oct 24 2022, 18:26:48) [MSC v.1933 64 bit (AMD64)]
    CUDA available: False
    MUSA available: False
    numpy_random_seed: 781503929
    MSVC: Оптимизирующий компилятор Microsoft (R) C/C++ версии 19.50.35722 для x64
    GCC: n/a
    PyTorch: 2.1.2+cpu
    PyTorch compiling details: PyTorch built with:
  - C++ Version: 199711
  - MSVC 192930151
  - Intel(R) Math Kernel Library Version 2020.0.2 Product Build 20200624 for Intel(R) 64 architecture applications
  - Intel(R) MKL-DNN v3.1.1 (Git Hash 64f6bcbcbab628e96f33a62c3e975f8535a7bde4)
  - OpenMP 2019
  - LAPACK is enabled (usually provided by MKL)
  - CPU capability usage: AVX2
  - Build settings: BLAS_INFO=mkl, BUILD_TYPE=Release, CXX_COMPILER=C:/actions-runner/_work/pytorch/pytorch/builder/windows/tmp_bin/sccache-cl.exe, CXX_FLAGS=/DWIN32 /D_WINDOWS /GR /EHsc /bigobj /FS -DUSE_PTHREADPOOL -DNDEBUG -DUSE_KINETO -DLIBKINETO_NOCUPTI -DLIBKINETO_NOROCTRACER -DUSE_FBGEMM -DUSE_XNNPACK -DSYMBOLICATE_MOBILE_DEBUG_HANDLE /utf-8 /wd4624 /wd4068 /wd4067 /wd4267 /wd4661 /wd4717 /wd4244 /wd4804 /wd4273, LAPACK_INFO=mkl, PERF_WITH_AVX=1, PERF_WITH_AVX2=1, PERF_WITH_AVX512=1, TORCH_DISABLE_GPU_ASSERTS=OFF, TORCH_VERSION=2.1.2, USE_CUDA=0, USE_CUDNN=OFF, USE_EXCEPTION_PTR=1, USE_GFLAGS=OFF, USE_GLOG=OFF, USE_MKL=ON, USE_MKLDNN=ON, USE_MPI=OFF, USE_NCCL=OFF, USE_NNPACK=OFF, USE_OPENMP=ON, USE_ROCM=OFF, 

    TorchVision: 0.16.2+cpu
    OpenCV: 4.12.0
    MMEngine: 0.10.7

Runtime environment:
    cudnn_benchmark: True
    mp_cfg: {'mp_start_method': 'fork', 'opencv_num_threads': 0}
    dist_cfg: {'backend': 'nccl'}
    seed: 781503929
    Distributed launcher: none
    Distributed training: False
    GPU number: 1
------------------------------------------------------------

2026/01/17 23:03:18 - mmengine - INFO - Config:
crop_size = (
    256,
    256,
)
custom_imports = dict(
    allow_failed_imports=False, imports=[
        'mmseg.datasets',
        'mmseg.models',
    ])
data_preprocessor = dict(
    bgr_to_rgb=True,
    mean=[
        123.675,
        116.28,
        103.53,
    ],
    pad_val=0,
    seg_pad_val=255,
    std=[
        58.395,
        57.12,
        57.375,
    ],
    type='SegDataPreProcessor')
data_root = 'E:/Yandex_prakt/1_Proj_segment/stud_dataset/'
dataset_type = 'StudDataset'
default_hooks = dict(
    checkpoint=dict(
        by_epoch=False, interval=2000, max_keep_ckpts=2,
        type='CheckpointHook'),
    early_stopping=dict(
        monitor='mDice',
        patience=2,
        rule='greater',
        strict=False,
        type='EarlyStoppingHook'),
    logger=dict(interval=50, type='LoggerHook'),
    timer=dict(type='IterTimerHook'),
    visualization=dict(draw=True, interval=1, type='SegVisualizationHook'))
default_scope = 'mmseg'
env_cfg = dict(
    cudnn_benchmark=True,
    dist_cfg=dict(backend='nccl'),
    mp_cfg=dict(mp_start_method='fork', opencv_num_threads=0))
launcher = 'none'
load_from = None
log_level = 'INFO'
log_processor = dict(by_epoch=False)
metainfo = dict(
    classes=(
        'background',
        'cat',
        'dog',
    ),
    palette=[
        [
            120,
            120,
            120,
        ],
        [
            6,
            230,
            230,
        ],
        [
            200,
            50,
            50,
        ],
    ])
model = dict(
    backbone=dict(
        attn_drop_rate=0.0,
        drop_path_rate=0.1,
        drop_rate=0.0,
        embed_dims=32,
        in_channels=3,
        mlp_ratio=4,
        num_heads=[
            1,
            2,
            5,
            8,
        ],
        num_layers=[
            2,
            2,
            2,
            2,
        ],
        num_stages=4,
        out_indices=(
            0,
            1,
            2,
            3,
        ),
        patch_sizes=[
            7,
            3,
            3,
            3,
        ],
        qkv_bias=True,
        sr_ratios=[
            8,
            4,
            2,
            1,
        ],
        type='MixVisionTransformer'),
    data_preprocessor=dict(
        bgr_to_rgb=True,
        mean=[
            123.675,
            116.28,
            103.53,
        ],
        pad_val=0,
        seg_pad_val=255,
        size=(
            256,
            256,
        ),
        std=[
            58.395,
            57.12,
            57.375,
        ],
        type='SegDataPreProcessor'),
    decode_head=dict(
        align_corners=False,
        channels=256,
        dropout_ratio=0.1,
        in_channels=[
            32,
            64,
            160,
            256,
        ],
        in_index=[
            0,
            1,
            2,
            3,
        ],
        loss_decode=[
            dict(
                class_weight=[
                    0.1,
                    1.0,
                    1.0,
                ],
                loss_weight=1.0,
                type='CrossEntropyLoss',
                use_sigmoid=False),
            dict(loss_weight=1.0, type='DiceLoss'),
        ],
        norm_cfg=dict(requires_grad=True, type='SyncBN'),
        num_classes=3,
        type='SegformerHead'),
    pretrained=None,
    test_cfg=dict(mode='whole'),
    train_cfg=dict(),
    type='EncoderDecoder')
norm_cfg = dict(requires_grad=True, type='SyncBN')
optim_wrapper = dict(
    optimizer=dict(lr=0.0006, type='AdamW', weight_decay=0.01),
    type='OptimWrapper')
param_scheduler = [
    dict(
        begin=0, by_epoch=False, end=500, start_factor=1e-06, type='LinearLR'),
    dict(
        begin=500,
        by_epoch=False,
        end=10000,
        eta_min=0.0,
        power=1.0,
        type='PolyLR'),
]
resume = False
test_cfg = dict(type='TestLoop')
test_dataloader = dict(
    batch_size=1,
    dataset=dict(
        data_prefix=dict(
            img_path='images/val', seg_map_path='annotations/val'),
        data_root='E:/Yandex_prakt/1_Proj_segment/stud_dataset/',
        metainfo=dict(
            classes=(
                'background',
                'cat',
                'dog',
            ),
            palette=[
                [
                    120,
                    120,
                    120,
                ],
                [
                    6,
                    230,
                    230,
                ],
                [
                    200,
                    50,
                    50,
                ],
            ]),
        pipeline=[
            dict(type='LoadImageFromFile'),
            dict(keep_ratio=True, scale=(
                256,
                256,
            ), type='Resize'),
            dict(type='LoadAnnotations'),
            dict(type='PackSegInputs'),
        ],
        type='StudDataset'),
    num_workers=1,
    sampler=dict(shuffle=False, type='DefaultSampler'))
test_evaluator = dict(
    iou_metrics=[
        'mDice',
        'mIoU',
    ], type='IoUMetric')
test_pipeline = [
    dict(type='LoadImageFromFile'),
    dict(keep_ratio=True, scale=(
        256,
        256,
    ), type='Resize'),
    dict(type='LoadAnnotations'),
    dict(type='PackSegInputs'),
]
train_cfg = dict(max_iters=10000, type='IterBasedTrainLoop', val_interval=1000)
train_dataloader = dict(
    batch_size=2,
    dataset=dict(
        data_prefix=dict(
            img_path='images/train', seg_map_path='annotations/train'),
        data_root='E:/Yandex_prakt/1_Proj_segment/stud_dataset/',
        metainfo=dict(
            classes=(
                'background',
                'cat',
                'dog',
            ),
            palette=[
                [
                    120,
                    120,
                    120,
                ],
                [
                    6,
                    230,
                    230,
                ],
                [
                    200,
                    50,
                    50,
                ],
            ]),
        pipeline=[
            dict(type='LoadImageFromFile'),
            dict(type='LoadAnnotations'),
            dict(prob=0.5, type='RandomFlip'),
            dict(type='PhotoMetricDistortion'),
            dict(type='PackSegInputs'),
        ],
        type='StudDataset'),
    num_workers=1,
    persistent_workers=True,
    sampler=dict(shuffle=True, type='InfiniteSampler'))
train_pipeline = [
    dict(type='LoadImageFromFile'),
    dict(type='LoadAnnotations'),
    dict(prob=0.5, type='RandomFlip'),
    dict(type='PhotoMetricDistortion'),
    dict(type='PackSegInputs'),
]
tta_model = dict(type='SegTTAModel')
val_cfg = dict(type='ValLoop')
val_dataloader = dict(
    batch_size=1,
    dataset=dict(
        data_prefix=dict(
            img_path='images/val', seg_map_path='annotations/val'),
        data_root='E:/Yandex_prakt/1_Proj_segment/stud_dataset/',
        metainfo=dict(
            classes=(
                'background',
                'cat',
                'dog',
            ),
            palette=[
                [
                    120,
                    120,
                    120,
                ],
                [
                    6,
                    230,
                    230,
                ],
                [
                    200,
                    50,
                    50,
                ],
            ]),
        pipeline=[
            dict(type='LoadImageFromFile'),
            dict(keep_ratio=True, scale=(
                256,
                256,
            ), type='Resize'),
            dict(type='LoadAnnotations'),
            dict(type='PackSegInputs'),
        ],
        type='StudDataset'),
    num_workers=1,
    sampler=dict(shuffle=False, type='DefaultSampler'))
val_evaluator = dict(
    iou_metrics=[
        'mDice',
        'mIoU',
    ], type='IoUMetric')
vis_backends = [
    dict(type='LocalVisBackend'),
]
visualizer = dict(
    name='visualizer',
    save_dir='work_dirs/visualizations',
    type='SegLocalVisualizer',
    vis_backends=[
        dict(type='LocalVisBackend'),
        dict(
            init_kwargs=dict(
                project_name='Segment', task_name='222segformer-b0-final-fix'),
            type='ClearMLVisBackend'),
    ])
work_dir = './work_dirs\\segformer_b0_custom'

2026/01/17 23:03:37 - mmengine - INFO - Distributed training is not used, all SyncBatchNorm (SyncBN) layers in the model will be automatically reverted to BatchNormXd layers if they are used.
2026/01/17 23:03:37 - mmengine - INFO - Hooks will be executed in the following order:
before_run:
(VERY_HIGH   ) RuntimeInfoHook                    
(BELOW_NORMAL) LoggerHook                         
(LOWEST      ) EarlyStoppingHook                  
 -------------------- 
before_train:
(VERY_HIGH   ) RuntimeInfoHook                    
(NORMAL      ) IterTimerHook                      
(VERY_LOW    ) CheckpointHook                     
 -------------------- 
before_train_epoch:
(VERY_HIGH   ) RuntimeInfoHook                    
(NORMAL      ) IterTimerHook                      
(NORMAL      ) DistSamplerSeedHook                
 -------------------- 
before_train_iter:
(VERY_HIGH   ) RuntimeInfoHook                    
(NORMAL      ) IterTimerHook                      
 -------------------- 
after_train_iter:
(VERY_HIGH   ) RuntimeInfoHook                    
(NORMAL      ) IterTimerHook                      
(BELOW_NORMAL) LoggerHook                         
(LOW         ) ParamSchedulerHook                 
(VERY_LOW    ) CheckpointHook                     
 -------------------- 
after_train_epoch:
(NORMAL      ) IterTimerHook                      
(LOW         ) ParamSchedulerHook                 
(VERY_LOW    ) CheckpointHook                     
 -------------------- 
before_val:
(VERY_HIGH   ) RuntimeInfoHook                    
 -------------------- 
before_val_epoch:
(NORMAL      ) IterTimerHook                      
 -------------------- 
before_val_iter:
(NORMAL      ) IterTimerHook                      
 -------------------- 
after_val_iter:
(NORMAL      ) IterTimerHook                      
(NORMAL      ) SegVisualizationHook               
(BELOW_NORMAL) LoggerHook                         
 -------------------- 
after_val_epoch:
(VERY_HIGH   ) RuntimeInfoHook                    
(NORMAL      ) IterTimerHook                      
(BELOW_NORMAL) LoggerHook                         
(LOW         ) ParamSchedulerHook                 
(VERY_LOW    ) CheckpointHook                     
(LOWEST      ) EarlyStoppingHook                  
 -------------------- 
after_val:
(VERY_HIGH   ) RuntimeInfoHook                    
 -------------------- 
after_train:
(VERY_HIGH   ) RuntimeInfoHook                    
(VERY_LOW    ) CheckpointHook                     
 -------------------- 
before_test:
(VERY_HIGH   ) RuntimeInfoHook                    
 -------------------- 
before_test_epoch:
(NORMAL      ) IterTimerHook                      
 -------------------- 
before_test_iter:
(NORMAL      ) IterTimerHook                      
 -------------------- 
after_test_iter:
(NORMAL      ) IterTimerHook                      
(NORMAL      ) SegVisualizationHook               
(BELOW_NORMAL) LoggerHook                         
 -------------------- 
after_test_epoch:
(VERY_HIGH   ) RuntimeInfoHook                    
(NORMAL      ) IterTimerHook                      
(BELOW_NORMAL) LoggerHook                         
 -------------------- 
after_test:
(VERY_HIGH   ) RuntimeInfoHook                    
 -------------------- 
after_run:
(BELOW_NORMAL) LoggerHook                         
 -------------------- 
2026/01/17 23:03:42 - mmengine - WARNING - The prefix is not set in metric class IoUMetric.
Name of parameter - Initialization information

backbone.layers.0.0.projection.weight - torch.Size([32, 3, 7, 7]): 
Initialized by user-defined `init_weights` in MixVisionTransformer  

backbone.layers.0.0.projection.bias - torch.Size([32]): 
Initialized by user-defined `init_weights` in MixVisionTransformer  

backbone.layers.0.0.norm.weight - torch.Size([32]): 
The value is the same before and after calling `init_weights` of EncoderDecoder  

backbone.layers.0.0.norm.bias - torch.Size([32]): 
The value is the same before and after calling `init_weights` of EncoderDecoder  

backbone.layers.0.1.0.norm1.weight - torch.Size([32]): 
The value is the same before and after calling `init_weights` of EncoderDecoder  

backbone.layers.0.1.0.norm1.bias - torch.Size([32]): 
The value is the same before and after calling `init_weights` of EncoderDecoder  

backbone.layers.0.1.0.attn.attn.in_proj_weight - torch.Size([96, 32]): 
The value is the same before and after calling `init_weights` of EncoderDecoder  

backbone.layers.0.1.0.attn.attn.in_proj_bias - torch.Size([96]): 
The value is the same before and after calling `init_weights` of EncoderDecoder  

backbone.layers.0.1.0.attn.attn.out_proj.weight - torch.Size([32, 32]): 
Initialized by user-defined `init_weights` in MixVisionTransformer  

backbone.layers.0.1.0.attn.attn.out_proj.bias - torch.Size([32]): 
The value is the same before and after calling `init_weights` of EncoderDecoder  

backbone.layers.0.1.0.attn.sr.weight - torch.Size([32, 32, 8, 8]): 
Initialized by user-defined `init_weights` in MixVisionTransformer  

backbone.layers.0.1.0.attn.sr.bias - torch.Size([32]): 
Initialized by user-defined `init_weights` in MixVisionTransformer  

backbone.layers.0.1.0.attn.norm.weight - torch.Size([32]): 
The value is the same before and after calling `init_weights` of EncoderDecoder  

backbone.layers.0.1.0.attn.norm.bias - torch.Size([32]): 
The value is the same before and after calling `init_weights` of EncoderDecoder  

backbone.layers.0.1.0.norm2.weight - torch.Size([32]): 
The value is the same before and after calling `init_weights` of EncoderDecoder  

backbone.layers.0.1.0.norm2.bias - torch.Size([32]): 
The value is the same before and after calling `init_weights` of EncoderDecoder  

backbone.layers.0.1.0.ffn.layers.0.weight - torch.Size([128, 32, 1, 1]): 
Initialized by user-defined `init_weights` in MixVisionTransformer  

backbone.layers.0.1.0.ffn.layers.0.bias - torch.Size([128]): 
Initialized by user-defined `init_weights` in MixVisionTransformer  

backbone.layers.0.1.0.ffn.layers.1.weight - torch.Size([128, 1, 3, 3]): 
Initialized by user-defined `init_weights` in MixVisionTransformer  

backbone.layers.0.1.0.ffn.layers.1.bias - torch.Size([128]): 
Initialized by user-defined `init_weights` in MixVisionTransformer  

backbone.layers.0.1.0.ffn.layers.4.weight - torch.Size([32, 128, 1, 1]): 
Initialized by user-defined `init_weights` in MixVisionTransformer  

backbone.layers.0.1.0.ffn.layers.4.bias - torch.Size([32]): 
Initialized by user-defined `init_weights` in MixVisionTransformer  

backbone.layers.0.1.1.norm1.weight - torch.Size([32]): 
The value is the same before and after calling `init_weights` of EncoderDecoder  

backbone.layers.0.1.1.norm1.bias - torch.Size([32]): 
The value is the same before and after calling `init_weights` of EncoderDecoder  

backbone.layers.0.1.1.attn.attn.in_proj_weight - torch.Size([96, 32]): 
The value is the same before and after calling `init_weights` of EncoderDecoder  

backbone.layers.0.1.1.attn.attn.in_proj_bias - torch.Size([96]): 
The value is the same before and after calling `init_weights` of EncoderDecoder  

backbone.layers.0.1.1.attn.attn.out_proj.weight - torch.Size([32, 32]): 
Initialized by user-defined `init_weights` in MixVisionTransformer  

backbone.layers.0.1.1.attn.attn.out_proj.bias - torch.Size([32]): 
The value is the same before and after calling `init_weights` of EncoderDecoder  

backbone.layers.0.1.1.attn.sr.weight - torch.Size([32, 32, 8, 8]): 
Initialized by user-defined `init_weights` in MixVisionTransformer  

backbone.layers.0.1.1.attn.sr.bias - torch.Size([32]): 
Initialized by user-defined `init_weights` in MixVisionTransformer  

backbone.layers.0.1.1.attn.norm.weight - torch.Size([32]): 
The value is the same before and after calling `init_weights` of EncoderDecoder  

backbone.layers.0.1.1.attn.norm.bias - torch.Size([32]): 
The value is the same before and after calling `init_weights` of EncoderDecoder  

backbone.layers.0.1.1.norm2.weight - torch.Size([32]): 
The value is the same before and after calling `init_weights` of EncoderDecoder  

backbone.layers.0.1.1.norm2.bias - torch.Size([32]): 
The value is the same before and after calling `init_weights` of EncoderDecoder  

backbone.layers.0.1.1.ffn.layers.0.weight - torch.Size([128, 32, 1, 1]): 
Initialized by user-defined `init_weights` in MixVisionTransformer  

backbone.layers.0.1.1.ffn.layers.0.bias - torch.Size([128]): 
Initialized by user-defined `init_weights` in MixVisionTransformer  

backbone.layers.0.1.1.ffn.layers.1.weight - torch.Size([128, 1, 3, 3]): 
Initialized by user-defined `init_weights` in MixVisionTransformer  

backbone.layers.0.1.1.ffn.layers.1.bias - torch.Size([128]): 
Initialized by user-defined `init_weights` in MixVisionTransformer  

backbone.layers.0.1.1.ffn.layers.4.weight - torch.Size([32, 128, 1, 1]): 
Initialized by user-defined `init_weights` in MixVisionTransformer  

backbone.layers.0.1.1.ffn.layers.4.bias - torch.Size([32]): 
Initialized by user-defined `init_weights` in MixVisionTransformer  

backbone.layers.0.2.weight - torch.Size([32]): 
The value is the same before and after calling `init_weights` of EncoderDecoder  

backbone.layers.0.2.bias - torch.Size([32]): 
The value is the same before and after calling `init_weights` of EncoderDecoder  

backbone.layers.1.0.projection.weight - torch.Size([64, 32, 3, 3]): 
Initialized by user-defined `init_weights` in MixVisionTransformer  

backbone.layers.1.0.projection.bias - torch.Size([64]): 
Initialized by user-defined `init_weights` in MixVisionTransformer  

backbone.layers.1.0.norm.weight - torch.Size([64]): 
The value is the same before and after calling `init_weights` of EncoderDecoder  

backbone.layers.1.0.norm.bias - torch.Size([64]): 
The value is the same before and after calling `init_weights` of EncoderDecoder  

backbone.layers.1.1.0.norm1.weight - torch.Size([64]): 
The value is the same before and after calling `init_weights` of EncoderDecoder  

backbone.layers.1.1.0.norm1.bias - torch.Size([64]): 
The value is the same before and after calling `init_weights` of EncoderDecoder  

backbone.layers.1.1.0.attn.attn.in_proj_weight - torch.Size([192, 64]): 
The value is the same before and after calling `init_weights` of EncoderDecoder  

backbone.layers.1.1.0.attn.attn.in_proj_bias - torch.Size([192]): 
The value is the same before and after calling `init_weights` of EncoderDecoder  

backbone.layers.1.1.0.attn.attn.out_proj.weight - torch.Size([64, 64]): 
Initialized by user-defined `init_weights` in MixVisionTransformer  

backbone.layers.1.1.0.attn.attn.out_proj.bias - torch.Size([64]): 
The value is the same before and after calling `init_weights` of EncoderDecoder  

backbone.layers.1.1.0.attn.sr.weight - torch.Size([64, 64, 4, 4]): 
Initialized by user-defined `init_weights` in MixVisionTransformer  

backbone.layers.1.1.0.attn.sr.bias - torch.Size([64]): 
Initialized by user-defined `init_weights` in MixVisionTransformer  

backbone.layers.1.1.0.attn.norm.weight - torch.Size([64]): 
The value is the same before and after calling `init_weights` of EncoderDecoder  

backbone.layers.1.1.0.attn.norm.bias - torch.Size([64]): 
The value is the same before and after calling `init_weights` of EncoderDecoder  

backbone.layers.1.1.0.norm2.weight - torch.Size([64]): 
The value is the same before and after calling `init_weights` of EncoderDecoder  

backbone.layers.1.1.0.norm2.bias - torch.Size([64]): 
The value is the same before and after calling `init_weights` of EncoderDecoder  

backbone.layers.1.1.0.ffn.layers.0.weight - torch.Size([256, 64, 1, 1]): 
Initialized by user-defined `init_weights` in MixVisionTransformer  

backbone.layers.1.1.0.ffn.layers.0.bias - torch.Size([256]): 
Initialized by user-defined `init_weights` in MixVisionTransformer  

backbone.layers.1.1.0.ffn.layers.1.weight - torch.Size([256, 1, 3, 3]): 
Initialized by user-defined `init_weights` in MixVisionTransformer  

backbone.layers.1.1.0.ffn.layers.1.bias - torch.Size([256]): 
Initialized by user-defined `init_weights` in MixVisionTransformer  

backbone.layers.1.1.0.ffn.layers.4.weight - torch.Size([64, 256, 1, 1]): 
Initialized by user-defined `init_weights` in MixVisionTransformer  

backbone.layers.1.1.0.ffn.layers.4.bias - torch.Size([64]): 
Initialized by user-defined `init_weights` in MixVisionTransformer  

backbone.layers.1.1.1.norm1.weight - torch.Size([64]): 
The value is the same before and after calling `init_weights` of EncoderDecoder  

backbone.layers.1.1.1.norm1.bias - torch.Size([64]): 
The value is the same before and after calling `init_weights` of EncoderDecoder  

backbone.layers.1.1.1.attn.attn.in_proj_weight - torch.Size([192, 64]): 
The value is the same before and after calling `init_weights` of EncoderDecoder  

backbone.layers.1.1.1.attn.attn.in_proj_bias - torch.Size([192]): 
The value is the same before and after calling `init_weights` of EncoderDecoder  

backbone.layers.1.1.1.attn.attn.out_proj.weight - torch.Size([64, 64]): 
Initialized by user-defined `init_weights` in MixVisionTransformer  

backbone.layers.1.1.1.attn.attn.out_proj.bias - torch.Size([64]): 
The value is the same before and after calling `init_weights` of EncoderDecoder  

backbone.layers.1.1.1.attn.sr.weight - torch.Size([64, 64, 4, 4]): 
Initialized by user-defined `init_weights` in MixVisionTransformer  

backbone.layers.1.1.1.attn.sr.bias - torch.Size([64]): 
Initialized by user-defined `init_weights` in MixVisionTransformer  

backbone.layers.1.1.1.attn.norm.weight - torch.Size([64]): 
The value is the same before and after calling `init_weights` of EncoderDecoder  

backbone.layers.1.1.1.attn.norm.bias - torch.Size([64]): 
The value is the same before and after calling `init_weights` of EncoderDecoder  

backbone.layers.1.1.1.norm2.weight - torch.Size([64]): 
The value is the same before and after calling `init_weights` of EncoderDecoder  

backbone.layers.1.1.1.norm2.bias - torch.Size([64]): 
The value is the same before and after calling `init_weights` of EncoderDecoder  

backbone.layers.1.1.1.ffn.layers.0.weight - torch.Size([256, 64, 1, 1]): 
Initialized by user-defined `init_weights` in MixVisionTransformer  

backbone.layers.1.1.1.ffn.layers.0.bias - torch.Size([256]): 
Initialized by user-defined `init_weights` in MixVisionTransformer  

backbone.layers.1.1.1.ffn.layers.1.weight - torch.Size([256, 1, 3, 3]): 
Initialized by user-defined `init_weights` in MixVisionTransformer  

backbone.layers.1.1.1.ffn.layers.1.bias - torch.Size([256]): 
Initialized by user-defined `init_weights` in MixVisionTransformer  

backbone.layers.1.1.1.ffn.layers.4.weight - torch.Size([64, 256, 1, 1]): 
Initialized by user-defined `init_weights` in MixVisionTransformer  

backbone.layers.1.1.1.ffn.layers.4.bias - torch.Size([64]): 
Initialized by user-defined `init_weights` in MixVisionTransformer  

backbone.layers.1.2.weight - torch.Size([64]): 
The value is the same before and after calling `init_weights` of EncoderDecoder  

backbone.layers.1.2.bias - torch.Size([64]): 
The value is the same before and after calling `init_weights` of EncoderDecoder  

backbone.layers.2.0.projection.weight - torch.Size([160, 64, 3, 3]): 
Initialized by user-defined `init_weights` in MixVisionTransformer  

backbone.layers.2.0.projection.bias - torch.Size([160]): 
Initialized by user-defined `init_weights` in MixVisionTransformer  

backbone.layers.2.0.norm.weight - torch.Size([160]): 
The value is the same before and after calling `init_weights` of EncoderDecoder  

backbone.layers.2.0.norm.bias - torch.Size([160]): 
The value is the same before and after calling `init_weights` of EncoderDecoder  

backbone.layers.2.1.0.norm1.weight - torch.Size([160]): 
The value is the same before and after calling `init_weights` of EncoderDecoder  

backbone.layers.2.1.0.norm1.bias - torch.Size([160]): 
The value is the same before and after calling `init_weights` of EncoderDecoder  

backbone.layers.2.1.0.attn.attn.in_proj_weight - torch.Size([480, 160]): 
The value is the same before and after calling `init_weights` of EncoderDecoder  

backbone.layers.2.1.0.attn.attn.in_proj_bias - torch.Size([480]): 
The value is the same before and after calling `init_weights` of EncoderDecoder  

backbone.layers.2.1.0.attn.attn.out_proj.weight - torch.Size([160, 160]): 
Initialized by user-defined `init_weights` in MixVisionTransformer  

backbone.layers.2.1.0.attn.attn.out_proj.bias - torch.Size([160]): 
The value is the same before and after calling `init_weights` of EncoderDecoder  

backbone.layers.2.1.0.attn.sr.weight - torch.Size([160, 160, 2, 2]): 
Initialized by user-defined `init_weights` in MixVisionTransformer  

backbone.layers.2.1.0.attn.sr.bias - torch.Size([160]): 
Initialized by user-defined `init_weights` in MixVisionTransformer  

backbone.layers.2.1.0.attn.norm.weight - torch.Size([160]): 
The value is the same before and after calling `init_weights` of EncoderDecoder  

backbone.layers.2.1.0.attn.norm.bias - torch.Size([160]): 
The value is the same before and after calling `init_weights` of EncoderDecoder  

backbone.layers.2.1.0.norm2.weight - torch.Size([160]): 
The value is the same before and after calling `init_weights` of EncoderDecoder  

backbone.layers.2.1.0.norm2.bias - torch.Size([160]): 
The value is the same before and after calling `init_weights` of EncoderDecoder  

backbone.layers.2.1.0.ffn.layers.0.weight - torch.Size([640, 160, 1, 1]): 
Initialized by user-defined `init_weights` in MixVisionTransformer  

backbone.layers.2.1.0.ffn.layers.0.bias - torch.Size([640]): 
Initialized by user-defined `init_weights` in MixVisionTransformer  

backbone.layers.2.1.0.ffn.layers.1.weight - torch.Size([640, 1, 3, 3]): 
Initialized by user-defined `init_weights` in MixVisionTransformer  

backbone.layers.2.1.0.ffn.layers.1.bias - torch.Size([640]): 
Initialized by user-defined `init_weights` in MixVisionTransformer  

backbone.layers.2.1.0.ffn.layers.4.weight - torch.Size([160, 640, 1, 1]): 
Initialized by user-defined `init_weights` in MixVisionTransformer  

backbone.layers.2.1.0.ffn.layers.4.bias - torch.Size([160]): 
Initialized by user-defined `init_weights` in MixVisionTransformer  

backbone.layers.2.1.1.norm1.weight - torch.Size([160]): 
The value is the same before and after calling `init_weights` of EncoderDecoder  

backbone.layers.2.1.1.norm1.bias - torch.Size([160]): 
The value is the same before and after calling `init_weights` of EncoderDecoder  

backbone.layers.2.1.1.attn.attn.in_proj_weight - torch.Size([480, 160]): 
The value is the same before and after calling `init_weights` of EncoderDecoder  

backbone.layers.2.1.1.attn.attn.in_proj_bias - torch.Size([480]): 
The value is the same before and after calling `init_weights` of EncoderDecoder  

backbone.layers.2.1.1.attn.attn.out_proj.weight - torch.Size([160, 160]): 
Initialized by user-defined `init_weights` in MixVisionTransformer  

backbone.layers.2.1.1.attn.attn.out_proj.bias - torch.Size([160]): 
The value is the same before and after calling `init_weights` of EncoderDecoder  

backbone.layers.2.1.1.attn.sr.weight - torch.Size([160, 160, 2, 2]): 
Initialized by user-defined `init_weights` in MixVisionTransformer  

backbone.layers.2.1.1.attn.sr.bias - torch.Size([160]): 
Initialized by user-defined `init_weights` in MixVisionTransformer  

backbone.layers.2.1.1.attn.norm.weight - torch.Size([160]): 
The value is the same before and after calling `init_weights` of EncoderDecoder  

backbone.layers.2.1.1.attn.norm.bias - torch.Size([160]): 
The value is the same before and after calling `init_weights` of EncoderDecoder  

backbone.layers.2.1.1.norm2.weight - torch.Size([160]): 
The value is the same before and after calling `init_weights` of EncoderDecoder  

backbone.layers.2.1.1.norm2.bias - torch.Size([160]): 
The value is the same before and after calling `init_weights` of EncoderDecoder  

backbone.layers.2.1.1.ffn.layers.0.weight - torch.Size([640, 160, 1, 1]): 
Initialized by user-defined `init_weights` in MixVisionTransformer  

backbone.layers.2.1.1.ffn.layers.0.bias - torch.Size([640]): 
Initialized by user-defined `init_weights` in MixVisionTransformer  

backbone.layers.2.1.1.ffn.layers.1.weight - torch.Size([640, 1, 3, 3]): 
Initialized by user-defined `init_weights` in MixVisionTransformer  

backbone.layers.2.1.1.ffn.layers.1.bias - torch.Size([640]): 
Initialized by user-defined `init_weights` in MixVisionTransformer  

backbone.layers.2.1.1.ffn.layers.4.weight - torch.Size([160, 640, 1, 1]): 
Initialized by user-defined `init_weights` in MixVisionTransformer  

backbone.layers.2.1.1.ffn.layers.4.bias - torch.Size([160]): 
Initialized by user-defined `init_weights` in MixVisionTransformer  

backbone.layers.2.2.weight - torch.Size([160]): 
The value is the same before and after calling `init_weights` of EncoderDecoder  

backbone.layers.2.2.bias - torch.Size([160]): 
The value is the same before and after calling `init_weights` of EncoderDecoder  

backbone.layers.3.0.projection.weight - torch.Size([256, 160, 3, 3]): 
Initialized by user-defined `init_weights` in MixVisionTransformer  

backbone.layers.3.0.projection.bias - torch.Size([256]): 
Initialized by user-defined `init_weights` in MixVisionTransformer  

backbone.layers.3.0.norm.weight - torch.Size([256]): 
The value is the same before and after calling `init_weights` of EncoderDecoder  

backbone.layers.3.0.norm.bias - torch.Size([256]): 
The value is the same before and after calling `init_weights` of EncoderDecoder  

backbone.layers.3.1.0.norm1.weight - torch.Size([256]): 
The value is the same before and after calling `init_weights` of EncoderDecoder  

backbone.layers.3.1.0.norm1.bias - torch.Size([256]): 
The value is the same before and after calling `init_weights` of EncoderDecoder  

backbone.layers.3.1.0.attn.attn.in_proj_weight - torch.Size([768, 256]): 
The value is the same before and after calling `init_weights` of EncoderDecoder  

backbone.layers.3.1.0.attn.attn.in_proj_bias - torch.Size([768]): 
The value is the same before and after calling `init_weights` of EncoderDecoder  

backbone.layers.3.1.0.attn.attn.out_proj.weight - torch.Size([256, 256]): 
Initialized by user-defined `init_weights` in MixVisionTransformer  

backbone.layers.3.1.0.attn.attn.out_proj.bias - torch.Size([256]): 
The value is the same before and after calling `init_weights` of EncoderDecoder  

backbone.layers.3.1.0.norm2.weight - torch.Size([256]): 
The value is the same before and after calling `init_weights` of EncoderDecoder  

backbone.layers.3.1.0.norm2.bias - torch.Size([256]): 
The value is the same before and after calling `init_weights` of EncoderDecoder  

backbone.layers.3.1.0.ffn.layers.0.weight - torch.Size([1024, 256, 1, 1]): 
Initialized by user-defined `init_weights` in MixVisionTransformer  

backbone.layers.3.1.0.ffn.layers.0.bias - torch.Size([1024]): 
Initialized by user-defined `init_weights` in MixVisionTransformer  

backbone.layers.3.1.0.ffn.layers.1.weight - torch.Size([1024, 1, 3, 3]): 
Initialized by user-defined `init_weights` in MixVisionTransformer  

backbone.layers.3.1.0.ffn.layers.1.bias - torch.Size([1024]): 
Initialized by user-defined `init_weights` in MixVisionTransformer  

backbone.layers.3.1.0.ffn.layers.4.weight - torch.Size([256, 1024, 1, 1]): 
Initialized by user-defined `init_weights` in MixVisionTransformer  

backbone.layers.3.1.0.ffn.layers.4.bias - torch.Size([256]): 
Initialized by user-defined `init_weights` in MixVisionTransformer  

backbone.layers.3.1.1.norm1.weight - torch.Size([256]): 
The value is the same before and after calling `init_weights` of EncoderDecoder  

backbone.layers.3.1.1.norm1.bias - torch.Size([256]): 
The value is the same before and after calling `init_weights` of EncoderDecoder  

backbone.layers.3.1.1.attn.attn.in_proj_weight - torch.Size([768, 256]): 
The value is the same before and after calling `init_weights` of EncoderDecoder  

backbone.layers.3.1.1.attn.attn.in_proj_bias - torch.Size([768]): 
The value is the same before and after calling `init_weights` of EncoderDecoder  

backbone.layers.3.1.1.attn.attn.out_proj.weight - torch.Size([256, 256]): 
Initialized by user-defined `init_weights` in MixVisionTransformer  

backbone.layers.3.1.1.attn.attn.out_proj.bias - torch.Size([256]): 
The value is the same before and after calling `init_weights` of EncoderDecoder  

backbone.layers.3.1.1.norm2.weight - torch.Size([256]): 
The value is the same before and after calling `init_weights` of EncoderDecoder  

backbone.layers.3.1.1.norm2.bias - torch.Size([256]): 
The value is the same before and after calling `init_weights` of EncoderDecoder  

backbone.layers.3.1.1.ffn.layers.0.weight - torch.Size([1024, 256, 1, 1]): 
Initialized by user-defined `init_weights` in MixVisionTransformer  

backbone.layers.3.1.1.ffn.layers.0.bias - torch.Size([1024]): 
Initialized by user-defined `init_weights` in MixVisionTransformer  

backbone.layers.3.1.1.ffn.layers.1.weight - torch.Size([1024, 1, 3, 3]): 
Initialized by user-defined `init_weights` in MixVisionTransformer  

backbone.layers.3.1.1.ffn.layers.1.bias - torch.Size([1024]): 
Initialized by user-defined `init_weights` in MixVisionTransformer  

backbone.layers.3.1.1.ffn.layers.4.weight - torch.Size([256, 1024, 1, 1]): 
Initialized by user-defined `init_weights` in MixVisionTransformer  

backbone.layers.3.1.1.ffn.layers.4.bias - torch.Size([256]): 
Initialized by user-defined `init_weights` in MixVisionTransformer  

backbone.layers.3.2.weight - torch.Size([256]): 
The value is the same before and after calling `init_weights` of EncoderDecoder  

backbone.layers.3.2.bias - torch.Size([256]): 
The value is the same before and after calling `init_weights` of EncoderDecoder  

decode_head.conv_seg.weight - torch.Size([3, 256, 1, 1]): 
NormalInit: mean=0, std=0.01, bias=0 

decode_head.conv_seg.bias - torch.Size([3]): 
NormalInit: mean=0, std=0.01, bias=0 

decode_head.convs.0.conv.weight - torch.Size([256, 32, 1, 1]): 
The value is the same before and after calling `init_weights` of EncoderDecoder  

decode_head.convs.0.bn.weight - torch.Size([256]): 
The value is the same before and after calling `init_weights` of EncoderDecoder  

decode_head.convs.0.bn.bias - torch.Size([256]): 
The value is the same before and after calling `init_weights` of EncoderDecoder  

decode_head.convs.1.conv.weight - torch.Size([256, 64, 1, 1]): 
The value is the same before and after calling `init_weights` of EncoderDecoder  

decode_head.convs.1.bn.weight - torch.Size([256]): 
The value is the same before and after calling `init_weights` of EncoderDecoder  

decode_head.convs.1.bn.bias - torch.Size([256]): 
The value is the same before and after calling `init_weights` of EncoderDecoder  

decode_head.convs.2.conv.weight - torch.Size([256, 160, 1, 1]): 
The value is the same before and after calling `init_weights` of EncoderDecoder  

decode_head.convs.2.bn.weight - torch.Size([256]): 
The value is the same before and after calling `init_weights` of EncoderDecoder  

decode_head.convs.2.bn.bias - torch.Size([256]): 
The value is the same before and after calling `init_weights` of EncoderDecoder  

decode_head.convs.3.conv.weight - torch.Size([256, 256, 1, 1]): 
The value is the same before and after calling `init_weights` of EncoderDecoder  

decode_head.convs.3.bn.weight - torch.Size([256]): 
The value is the same before and after calling `init_weights` of EncoderDecoder  

decode_head.convs.3.bn.bias - torch.Size([256]): 
The value is the same before and after calling `init_weights` of EncoderDecoder  

decode_head.fusion_conv.conv.weight - torch.Size([256, 1024, 1, 1]): 
Initialized by user-defined `init_weights` in ConvModule  

decode_head.fusion_conv.bn.weight - torch.Size([256]): 
The value is the same before and after calling `init_weights` of EncoderDecoder  

decode_head.fusion_conv.bn.bias - torch.Size([256]): 
The value is the same before and after calling `init_weights` of EncoderDecoder  
2026/01/17 23:03:42 - mmengine - WARNING - "FileClient" will be deprecated in future. Please use io functions in https://mmengine.readthedocs.io/en/latest/api/fileio.html#file-io
2026/01/17 23:03:42 - mmengine - WARNING - "HardDiskBackend" is the alias of "LocalBackend" and the former will be deprecated in future.
2026/01/17 23:03:42 - mmengine - INFO - Checkpoints will be saved to E:\Yandex_prakt\mmsegmentation\work_dirs\segformer_b0_custom.
2026/01/17 23:04:24 - mmengine - INFO - Iter(train) [   50/10000]  lr: 5.8918e-05  eta: 2:21:29  time: 0.8374  data_time: 0.0024  loss: 1.4174  decode.loss_ce: 1.0367  decode.loss_dice: 0.3807  decode.acc_seg: 83.4846
